2022-04-05 00:23:18,023 - Initializing Velocity, Calling init()...
2022-04-05 00:23:18,023 - Starting Apache Velocity v1.7 (compiled: 2010-11-19 12:14:37)
2022-04-05 00:23:18,023 - Default Properties File: org\apache\velocity\runtime\defaults\velocity.properties
2022-04-05 00:23:18,023 - Trying to use logger class org.apache.velocity.runtime.log.AvalonLogChute
2022-04-05 00:23:18,023 - Target log system for org.apache.velocity.runtime.log.AvalonLogChute is not available (java.lang.NoClassDefFoundError: org/apache/log/format/Formatter).  Falling back to next log system...
2022-04-05 00:23:18,023 - Trying to use logger class org.apache.velocity.runtime.log.Log4JLogChute
2022-04-05 00:23:18,023 - Using logger class org.apache.velocity.runtime.log.Log4JLogChute
2022-04-05 00:23:18,026 - ResourceLoader instantiated: org.apache.velocity.runtime.resource.loader.ClasspathResourceLoader
2022-04-05 00:23:18,041 - ResourceCache: initialized (class org.apache.velocity.runtime.resource.ResourceCacheImpl) with class java.util.Collections$SynchronizedMap cache map.
2022-04-05 00:23:18,042 - Loaded System Directive: org.apache.velocity.runtime.directive.Stop
2022-04-05 00:23:18,043 - Loaded System Directive: org.apache.velocity.runtime.directive.Define
2022-04-05 00:23:18,044 - Loaded System Directive: org.apache.velocity.runtime.directive.Break
2022-04-05 00:23:18,045 - Loaded System Directive: org.apache.velocity.runtime.directive.Evaluate
2022-04-05 00:23:18,046 - Loaded System Directive: org.apache.velocity.runtime.directive.Literal
2022-04-05 00:23:18,046 - Loaded System Directive: org.apache.velocity.runtime.directive.Macro
2022-04-05 00:23:18,047 - Loaded System Directive: org.apache.velocity.runtime.directive.Parse
2022-04-05 00:23:18,049 - Loaded System Directive: org.apache.velocity.runtime.directive.Include
2022-04-05 00:23:18,050 - Loaded System Directive: org.apache.velocity.runtime.directive.Foreach
2022-04-05 00:23:18,081 - Created '20' parsers.
2022-04-05 00:23:18,085 - Velocimacro : "velocimacro.library" is not set.  Trying default library: VM_global_library.vm
2022-04-05 00:23:18,085 - Could not load resource 'VM_global_library.vm' from ResourceLoader org.apache.velocity.runtime.resource.loader.ClasspathResourceLoader: ClasspathResourceLoader Error: cannot find resource VM_global_library.vm
2022-04-05 00:23:18,085 - Velocimacro : Default library not found.
2022-04-05 00:23:18,085 - Velocimacro : allowInline = true : VMs can be defined inline in templates
2022-04-05 00:23:18,086 - Velocimacro : allowInlineToOverride = false : VMs defined inline may NOT replace previous VM definitions
2022-04-05 00:23:18,086 - Velocimacro : allowInlineLocal = false : VMs defined inline will be global in scope if allowed.
2022-04-05 00:23:18,086 - Velocimacro : autoload off : VM system will not automatically reload global library macros
2022-04-05 00:23:18,175 - ResourceManager : found templates/generators/errorpage.vm with loader org.apache.velocity.runtime.resource.loader.ClasspathResourceLoader
2022-04-05 00:23:18,180 - ResourceManager : found /templates/headers.vm with loader org.apache.velocity.runtime.resource.loader.ClasspathResourceLoader
2022-04-05 00:23:18,181 - ResourceManager : found /templates/head.vm with loader org.apache.velocity.runtime.resource.loader.ClasspathResourceLoader
2022-04-05 00:23:18,183 - Velocimacro : added VM stringArray: source=/templates/macros/array.js.vm
2022-04-05 00:23:18,184 - Velocimacro : added VM numberArray: source=/templates/macros/array.js.vm
2022-04-05 00:23:18,184 - ResourceManager : found /templates/macros/array.js.vm with loader org.apache.velocity.runtime.resource.loader.ClasspathResourceLoader
2022-04-05 00:23:18,186 - Velocimacro : added VM includeBuildInfo: source=/templates/macros/page/buildinfo.vm
2022-04-05 00:23:18,186 - ResourceManager : found /templates/macros/page/buildinfo.vm with loader org.apache.velocity.runtime.resource.loader.ClasspathResourceLoader
2022-04-05 00:23:18,192 - Velocimacro : added VM includeClassifications: source=/templates/macros/page/classifications.vm
2022-04-05 00:23:18,192 - ResourceManager : found /templates/macros/page/classifications.vm with loader org.apache.velocity.runtime.resource.loader.ClasspathResourceLoader
2022-04-05 00:23:18,193 - Velocimacro : added VM includeLead: source=/templates/macros/page/lead.vm
2022-04-05 00:23:18,193 - ResourceManager : found /templates/macros/page/lead.vm with loader org.apache.velocity.runtime.resource.loader.ClasspathResourceLoader
2022-04-05 00:23:18,198 - Velocimacro : added VM includeNavigation: source=/templates/macros/page/navigation.vm
2022-04-05 00:23:18,198 - ResourceManager : found /templates/macros/page/navigation.vm with loader org.apache.velocity.runtime.resource.loader.ClasspathResourceLoader
2022-04-05 00:23:18,200 - Velocimacro : added VM includeReportInfo: source=/templates/macros/page/reportInfo.vm
2022-04-05 00:23:18,200 - ResourceManager : found /templates/macros/page/reportInfo.vm with loader org.apache.velocity.runtime.resource.loader.ClasspathResourceLoader
2022-04-05 00:23:18,202 - Velocimacro : added VM includeTitle: source=/templates/macros/page/title.vm
2022-04-05 00:23:18,202 - ResourceManager : found /templates/macros/page/title.vm with loader org.apache.velocity.runtime.resource.loader.ClasspathResourceLoader
2022-04-05 00:23:18,203 - Velocimacro : added VM includeExpandingButtons: source=/templates/macros/report/expandAllButtons.vm
2022-04-05 00:23:18,203 - ResourceManager : found /templates/macros/report/expandAllButtons.vm with loader org.apache.velocity.runtime.resource.loader.ClasspathResourceLoader
2022-04-05 00:23:18,208 - Velocimacro : added VM includeReportTable: source=/templates/macros/report/reportTable.vm
2022-04-05 00:23:18,208 - ResourceManager : found /templates/macros/report/reportTable.vm with loader org.apache.velocity.runtime.resource.loader.ClasspathResourceLoader
2022-04-05 00:23:18,209 - Velocimacro : added VM includeReportHeader: source=/templates/macros/report/reportHeader.vm
2022-04-05 00:23:18,209 - ResourceManager : found /templates/macros/report/reportHeader.vm with loader org.apache.velocity.runtime.resource.loader.ClasspathResourceLoader
2022-04-05 00:23:18,215 - Velocimacro : added VM includeStatsTable: source=/templates/macros/report/statsTable.vm
2022-04-05 00:23:18,215 - ResourceManager : found /templates/macros/report/statsTable.vm with loader org.apache.velocity.runtime.resource.loader.ClasspathResourceLoader
2022-04-05 00:23:18,216 - Velocimacro : added VM includeBrief: source=/templates/macros/json/brief.vm
2022-04-05 00:23:18,216 - ResourceManager : found /templates/macros/json/brief.vm with loader org.apache.velocity.runtime.resource.loader.ClasspathResourceLoader
2022-04-05 00:23:18,217 - Velocimacro : added VM includeDocString: source=/templates/macros/json/docstring.vm
2022-04-05 00:23:18,217 - ResourceManager : found /templates/macros/json/docstring.vm with loader org.apache.velocity.runtime.resource.loader.ClasspathResourceLoader
2022-04-05 00:23:18,218 - Velocimacro : added VM includeDuration: source=/templates/macros/json/duration.vm
2022-04-05 00:23:18,218 - ResourceManager : found /templates/macros/json/duration.vm with loader org.apache.velocity.runtime.resource.loader.ClasspathResourceLoader
2022-04-05 00:23:18,222 - Velocimacro : added VM includeElement: source=/templates/macros/json/element.vm
2022-04-05 00:23:18,222 - ResourceManager : found /templates/macros/json/element.vm with loader org.apache.velocity.runtime.resource.loader.ClasspathResourceLoader
2022-04-05 00:23:18,229 - Velocimacro : added VM includeEmbeddings: source=/templates/macros/json/embeddings.vm
2022-04-05 00:23:18,229 - Velocimacro : added VM includeHtmlEmbedding: source=/templates/macros/json/embeddings.vm
2022-04-05 00:23:18,229 - Velocimacro : added VM includeVideoEmbedding: source=/templates/macros/json/embeddings.vm
2022-04-05 00:23:18,229 - Velocimacro : added VM includeImageEmbedding: source=/templates/macros/json/embeddings.vm
2022-04-05 00:23:18,229 - Velocimacro : added VM includeImageReferenceEmbedding: source=/templates/macros/json/embeddings.vm
2022-04-05 00:23:18,229 - Velocimacro : added VM includeTextEmbedding: source=/templates/macros/json/embeddings.vm
2022-04-05 00:23:18,229 - Velocimacro : added VM includeUnknownEmbedding: source=/templates/macros/json/embeddings.vm
2022-04-05 00:23:18,229 - ResourceManager : found /templates/macros/json/embeddings.vm with loader org.apache.velocity.runtime.resource.loader.ClasspathResourceLoader
2022-04-05 00:23:18,232 - Velocimacro : added VM includeHooks: source=/templates/macros/json/hooks.vm
2022-04-05 00:23:18,232 - ResourceManager : found /templates/macros/json/hooks.vm with loader org.apache.velocity.runtime.resource.loader.ClasspathResourceLoader
2022-04-05 00:23:18,234 - Velocimacro : added VM includeOutput: source=/templates/macros/json/output.vm
2022-04-05 00:23:18,234 - ResourceManager : found /templates/macros/json/output.vm with loader org.apache.velocity.runtime.resource.loader.ClasspathResourceLoader
2022-04-05 00:23:18,235 - Velocimacro : added VM includeMessage: source=/templates/macros/json/message.vm
2022-04-05 00:23:18,235 - ResourceManager : found /templates/macros/json/message.vm with loader org.apache.velocity.runtime.resource.loader.ClasspathResourceLoader
2022-04-05 00:23:18,238 - Velocimacro : added VM includeSteps: source=/templates/macros/json/steps.vm
2022-04-05 00:23:18,238 - ResourceManager : found /templates/macros/json/steps.vm with loader org.apache.velocity.runtime.resource.loader.ClasspathResourceLoader
2022-04-05 00:23:18,239 - Velocimacro : added VM includeStepName: source=/templates/macros/json/stepName.vm
2022-04-05 00:23:18,239 - ResourceManager : found /templates/macros/json/stepName.vm with loader org.apache.velocity.runtime.resource.loader.ClasspathResourceLoader
2022-04-05 00:23:18,241 - Velocimacro : added VM includeTags: source=/templates/macros/json/tags.vm
2022-04-05 00:23:18,241 - ResourceManager : found /templates/macros/json/tags.vm with loader org.apache.velocity.runtime.resource.loader.ClasspathResourceLoader
2022-04-05 00:23:18,250 - VM #includeNavigation: too few arguments to macro. Wanted 1 got 0
2022-04-05 00:23:18,250 - Left side ($active_tab) of '==' operation has null value. If it is a reference, it may not be in the context or its toString() returned null. /templates/macros/page/navigation.vm[line 14, column 51]
2022-04-05 00:23:18,250 - Left side ($active_tab) of '==' operation has null value. If it is a reference, it may not be in the context or its toString() returned null. /templates/macros/page/navigation.vm[line 15, column 51]
2022-04-05 00:23:18,251 - Left side ($active_tab) of '==' operation has null value. If it is a reference, it may not be in the context or its toString() returned null. /templates/macros/page/navigation.vm[line 16, column 51]
2022-04-05 00:23:18,251 - Left side ($active_tab) of '==' operation has null value. If it is a reference, it may not be in the context or its toString() returned null. /templates/macros/page/navigation.vm[line 20, column 51]
2022-04-05 00:23:18,271 - ResourceManager : found /templates/footer.vm with loader org.apache.velocity.runtime.resource.loader.ClasspathResourceLoader
2022-04-05 00:23:28,080 - Log4JLogChute initialized using file 'target\velocity.log'
2022-04-05 00:23:28,081 - Initializing Velocity, Calling init()...
2022-04-05 00:23:28,081 - Starting Apache Velocity v1.7 (compiled: 2010-11-19 12:14:37)
2022-04-05 00:23:28,081 - Default Properties File: org\apache\velocity\runtime\defaults\velocity.properties
2022-04-05 00:23:28,081 - Trying to use logger class org.apache.velocity.runtime.log.AvalonLogChute
2022-04-05 00:23:28,081 - Target log system for org.apache.velocity.runtime.log.AvalonLogChute is not available (java.lang.NoClassDefFoundError: org/apache/log/format/Formatter).  Falling back to next log system...
2022-04-05 00:23:28,081 - Trying to use logger class org.apache.velocity.runtime.log.Log4JLogChute
2022-04-05 00:23:28,081 - Using logger class org.apache.velocity.runtime.log.Log4JLogChute
2022-04-05 00:23:28,083 - ResourceLoader instantiated: org.apache.velocity.runtime.resource.loader.ClasspathResourceLoader
2022-04-05 00:23:28,091 - ResourceCache: initialized (class org.apache.velocity.runtime.resource.ResourceCacheImpl) with class java.util.Collections$SynchronizedMap cache map.
2022-04-05 00:23:28,093 - Loaded System Directive: org.apache.velocity.runtime.directive.Stop
2022-04-05 00:23:28,094 - Loaded System Directive: org.apache.velocity.runtime.directive.Define
2022-04-05 00:23:28,094 - Loaded System Directive: org.apache.velocity.runtime.directive.Break
2022-04-05 00:23:28,095 - Loaded System Directive: org.apache.velocity.runtime.directive.Evaluate
2022-04-05 00:23:28,095 - Loaded System Directive: org.apache.velocity.runtime.directive.Literal
2022-04-05 00:23:28,096 - Loaded System Directive: org.apache.velocity.runtime.directive.Macro
2022-04-05 00:23:28,097 - Loaded System Directive: org.apache.velocity.runtime.directive.Parse
2022-04-05 00:23:28,098 - Loaded System Directive: org.apache.velocity.runtime.directive.Include
2022-04-05 00:23:28,099 - Loaded System Directive: org.apache.velocity.runtime.directive.Foreach
2022-04-05 00:23:28,119 - Created '20' parsers.
2022-04-05 00:23:28,123 - Velocimacro : "velocimacro.library" is not set.  Trying default library: VM_global_library.vm
2022-04-05 00:23:28,123 - Could not load resource 'VM_global_library.vm' from ResourceLoader org.apache.velocity.runtime.resource.loader.ClasspathResourceLoader: ClasspathResourceLoader Error: cannot find resource VM_global_library.vm
2022-04-05 00:23:28,123 - Velocimacro : Default library not found.
2022-04-05 00:23:28,123 - Velocimacro : allowInline = true : VMs can be defined inline in templates
2022-04-05 00:23:28,123 - Velocimacro : allowInlineToOverride = false : VMs defined inline may NOT replace previous VM definitions
2022-04-05 00:23:28,123 - Velocimacro : allowInlineLocal = false : VMs defined inline will be global in scope if allowed.
2022-04-05 00:23:28,123 - Velocimacro : autoload off : VM system will not automatically reload global library macros
2022-04-05 00:23:28,199 - ResourceManager : found templates/generators/errorpage.vm with loader org.apache.velocity.runtime.resource.loader.ClasspathResourceLoader
2022-04-05 00:23:28,205 - ResourceManager : found /templates/headers.vm with loader org.apache.velocity.runtime.resource.loader.ClasspathResourceLoader
2022-04-05 00:23:28,206 - ResourceManager : found /templates/head.vm with loader org.apache.velocity.runtime.resource.loader.ClasspathResourceLoader
2022-04-05 00:23:28,208 - Velocimacro : added VM stringArray: source=/templates/macros/array.js.vm
2022-04-05 00:23:28,208 - Velocimacro : added VM numberArray: source=/templates/macros/array.js.vm
2022-04-05 00:23:28,208 - ResourceManager : found /templates/macros/array.js.vm with loader org.apache.velocity.runtime.resource.loader.ClasspathResourceLoader
2022-04-05 00:23:28,210 - Velocimacro : added VM includeBuildInfo: source=/templates/macros/page/buildinfo.vm
2022-04-05 00:23:28,210 - ResourceManager : found /templates/macros/page/buildinfo.vm with loader org.apache.velocity.runtime.resource.loader.ClasspathResourceLoader
2022-04-05 00:23:28,214 - Velocimacro : added VM includeClassifications: source=/templates/macros/page/classifications.vm
2022-04-05 00:23:28,214 - ResourceManager : found /templates/macros/page/classifications.vm with loader org.apache.velocity.runtime.resource.loader.ClasspathResourceLoader
2022-04-05 00:23:28,215 - Velocimacro : added VM includeLead: source=/templates/macros/page/lead.vm
2022-04-05 00:23:28,215 - ResourceManager : found /templates/macros/page/lead.vm with loader org.apache.velocity.runtime.resource.loader.ClasspathResourceLoader
2022-04-05 00:23:28,217 - Velocimacro : added VM includeNavigation: source=/templates/macros/page/navigation.vm
2022-04-05 00:23:28,217 - ResourceManager : found /templates/macros/page/navigation.vm with loader org.apache.velocity.runtime.resource.loader.ClasspathResourceLoader
2022-04-05 00:23:28,219 - Velocimacro : added VM includeReportInfo: source=/templates/macros/page/reportInfo.vm
2022-04-05 00:23:28,219 - ResourceManager : found /templates/macros/page/reportInfo.vm with loader org.apache.velocity.runtime.resource.loader.ClasspathResourceLoader
2022-04-05 00:23:28,220 - Velocimacro : added VM includeTitle: source=/templates/macros/page/title.vm
2022-04-05 00:23:28,220 - ResourceManager : found /templates/macros/page/title.vm with loader org.apache.velocity.runtime.resource.loader.ClasspathResourceLoader
2022-04-05 00:23:28,220 - Velocimacro : added VM includeExpandingButtons: source=/templates/macros/report/expandAllButtons.vm
2022-04-05 00:23:28,220 - ResourceManager : found /templates/macros/report/expandAllButtons.vm with loader org.apache.velocity.runtime.resource.loader.ClasspathResourceLoader
2022-04-05 00:23:28,223 - Velocimacro : added VM includeReportTable: source=/templates/macros/report/reportTable.vm
2022-04-05 00:23:28,223 - ResourceManager : found /templates/macros/report/reportTable.vm with loader org.apache.velocity.runtime.resource.loader.ClasspathResourceLoader
2022-04-05 00:23:28,224 - Velocimacro : added VM includeReportHeader: source=/templates/macros/report/reportHeader.vm
2022-04-05 00:23:28,224 - ResourceManager : found /templates/macros/report/reportHeader.vm with loader org.apache.velocity.runtime.resource.loader.ClasspathResourceLoader
2022-04-05 00:23:28,229 - Velocimacro : added VM includeStatsTable: source=/templates/macros/report/statsTable.vm
2022-04-05 00:23:28,230 - ResourceManager : found /templates/macros/report/statsTable.vm with loader org.apache.velocity.runtime.resource.loader.ClasspathResourceLoader
2022-04-05 00:23:28,230 - Velocimacro : added VM includeBrief: source=/templates/macros/json/brief.vm
2022-04-05 00:23:28,231 - ResourceManager : found /templates/macros/json/brief.vm with loader org.apache.velocity.runtime.resource.loader.ClasspathResourceLoader
2022-04-05 00:23:28,231 - Velocimacro : added VM includeDocString: source=/templates/macros/json/docstring.vm
2022-04-05 00:23:28,231 - ResourceManager : found /templates/macros/json/docstring.vm with loader org.apache.velocity.runtime.resource.loader.ClasspathResourceLoader
2022-04-05 00:23:28,232 - Velocimacro : added VM includeDuration: source=/templates/macros/json/duration.vm
2022-04-05 00:23:28,232 - ResourceManager : found /templates/macros/json/duration.vm with loader org.apache.velocity.runtime.resource.loader.ClasspathResourceLoader
2022-04-05 00:23:28,235 - Velocimacro : added VM includeElement: source=/templates/macros/json/element.vm
2022-04-05 00:23:28,235 - ResourceManager : found /templates/macros/json/element.vm with loader org.apache.velocity.runtime.resource.loader.ClasspathResourceLoader
2022-04-05 00:23:28,247 - Velocimacro : added VM includeEmbeddings: source=/templates/macros/json/embeddings.vm
2022-04-05 00:23:28,248 - Velocimacro : added VM includeHtmlEmbedding: source=/templates/macros/json/embeddings.vm
2022-04-05 00:23:28,248 - Velocimacro : added VM includeVideoEmbedding: source=/templates/macros/json/embeddings.vm
2022-04-05 00:23:28,248 - Velocimacro : added VM includeImageEmbedding: source=/templates/macros/json/embeddings.vm
2022-04-05 00:23:28,248 - Velocimacro : added VM includeImageReferenceEmbedding: source=/templates/macros/json/embeddings.vm
2022-04-05 00:23:28,248 - Velocimacro : added VM includeTextEmbedding: source=/templates/macros/json/embeddings.vm
2022-04-05 00:23:28,248 - Velocimacro : added VM includeUnknownEmbedding: source=/templates/macros/json/embeddings.vm
2022-04-05 00:23:28,249 - ResourceManager : found /templates/macros/json/embeddings.vm with loader org.apache.velocity.runtime.resource.loader.ClasspathResourceLoader
2022-04-05 00:23:28,252 - Velocimacro : added VM includeHooks: source=/templates/macros/json/hooks.vm
2022-04-05 00:23:28,252 - ResourceManager : found /templates/macros/json/hooks.vm with loader org.apache.velocity.runtime.resource.loader.ClasspathResourceLoader
2022-04-05 00:23:28,257 - Velocimacro : added VM includeOutput: source=/templates/macros/json/output.vm
2022-04-05 00:23:28,257 - ResourceManager : found /templates/macros/json/output.vm with loader org.apache.velocity.runtime.resource.loader.ClasspathResourceLoader
2022-04-05 00:23:28,258 - Velocimacro : added VM includeMessage: source=/templates/macros/json/message.vm
2022-04-05 00:23:28,258 - ResourceManager : found /templates/macros/json/message.vm with loader org.apache.velocity.runtime.resource.loader.ClasspathResourceLoader
2022-04-05 00:23:28,261 - Velocimacro : added VM includeSteps: source=/templates/macros/json/steps.vm
2022-04-05 00:23:28,261 - ResourceManager : found /templates/macros/json/steps.vm with loader org.apache.velocity.runtime.resource.loader.ClasspathResourceLoader
2022-04-05 00:23:28,262 - Velocimacro : added VM includeStepName: source=/templates/macros/json/stepName.vm
2022-04-05 00:23:28,262 - ResourceManager : found /templates/macros/json/stepName.vm with loader org.apache.velocity.runtime.resource.loader.ClasspathResourceLoader
2022-04-05 00:23:28,263 - Velocimacro : added VM includeTags: source=/templates/macros/json/tags.vm
2022-04-05 00:23:28,263 - ResourceManager : found /templates/macros/json/tags.vm with loader org.apache.velocity.runtime.resource.loader.ClasspathResourceLoader
2022-04-05 00:23:28,275 - VM #includeNavigation: too few arguments to macro. Wanted 1 got 0
2022-04-05 00:23:28,276 - Left side ($active_tab) of '==' operation has null value. If it is a reference, it may not be in the context or its toString() returned null. /templates/macros/page/navigation.vm[line 14, column 51]
2022-04-05 00:23:28,276 - Left side ($active_tab) of '==' operation has null value. If it is a reference, it may not be in the context or its toString() returned null. /templates/macros/page/navigation.vm[line 15, column 51]
2022-04-05 00:23:28,276 - Left side ($active_tab) of '==' operation has null value. If it is a reference, it may not be in the context or its toString() returned null. /templates/macros/page/navigation.vm[line 16, column 51]
2022-04-05 00:23:28,276 - Left side ($active_tab) of '==' operation has null value. If it is a reference, it may not be in the context or its toString() returned null. /templates/macros/page/navigation.vm[line 20, column 51]
2022-04-05 00:23:28,298 - ResourceManager : found /templates/footer.vm with loader org.apache.velocity.runtime.resource.loader.ClasspathResourceLoader
2022-04-05 00:23:56,023 - Log4JLogChute initialized using file 'target\velocity.log'
2022-04-05 00:23:56,023 - Initializing Velocity, Calling init()...
2022-04-05 00:23:56,023 - Starting Apache Velocity v1.7 (compiled: 2010-11-19 12:14:37)
2022-04-05 00:23:56,024 - Default Properties File: org\apache\velocity\runtime\defaults\velocity.properties
2022-04-05 00:23:56,024 - Trying to use logger class org.apache.velocity.runtime.log.AvalonLogChute
2022-04-05 00:23:56,024 - Target log system for org.apache.velocity.runtime.log.AvalonLogChute is not available (java.lang.NoClassDefFoundError: org/apache/log/format/Formatter).  Falling back to next log system...
2022-04-05 00:23:56,024 - Trying to use logger class org.apache.velocity.runtime.log.Log4JLogChute
2022-04-05 00:23:56,024 - Using logger class org.apache.velocity.runtime.log.Log4JLogChute
2022-04-05 00:23:56,027 - ResourceLoader instantiated: org.apache.velocity.runtime.resource.loader.ClasspathResourceLoader
2022-04-05 00:23:56,038 - ResourceCache: initialized (class org.apache.velocity.runtime.resource.ResourceCacheImpl) with class java.util.Collections$SynchronizedMap cache map.
2022-04-05 00:23:56,040 - Loaded System Directive: org.apache.velocity.runtime.directive.Stop
2022-04-05 00:23:56,041 - Loaded System Directive: org.apache.velocity.runtime.directive.Define
2022-04-05 00:23:56,042 - Loaded System Directive: org.apache.velocity.runtime.directive.Break
2022-04-05 00:23:56,042 - Loaded System Directive: org.apache.velocity.runtime.directive.Evaluate
2022-04-05 00:23:56,043 - Loaded System Directive: org.apache.velocity.runtime.directive.Literal
2022-04-05 00:23:56,044 - Loaded System Directive: org.apache.velocity.runtime.directive.Macro
2022-04-05 00:23:56,045 - Loaded System Directive: org.apache.velocity.runtime.directive.Parse
2022-04-05 00:23:56,046 - Loaded System Directive: org.apache.velocity.runtime.directive.Include
2022-04-05 00:23:56,047 - Loaded System Directive: org.apache.velocity.runtime.directive.Foreach
2022-04-05 00:23:56,074 - Created '20' parsers.
2022-04-05 00:23:56,077 - Velocimacro : "velocimacro.library" is not set.  Trying default library: VM_global_library.vm
2022-04-05 00:23:56,078 - Could not load resource 'VM_global_library.vm' from ResourceLoader org.apache.velocity.runtime.resource.loader.ClasspathResourceLoader: ClasspathResourceLoader Error: cannot find resource VM_global_library.vm
2022-04-05 00:23:56,078 - Velocimacro : Default library not found.
2022-04-05 00:23:56,078 - Velocimacro : allowInline = true : VMs can be defined inline in templates
2022-04-05 00:23:56,078 - Velocimacro : allowInlineToOverride = false : VMs defined inline may NOT replace previous VM definitions
2022-04-05 00:23:56,078 - Velocimacro : allowInlineLocal = false : VMs defined inline will be global in scope if allowed.
2022-04-05 00:23:56,078 - Velocimacro : autoload off : VM system will not automatically reload global library macros
2022-04-05 00:23:56,168 - ResourceManager : found templates/generators/errorpage.vm with loader org.apache.velocity.runtime.resource.loader.ClasspathResourceLoader
2022-04-05 00:23:56,172 - ResourceManager : found /templates/headers.vm with loader org.apache.velocity.runtime.resource.loader.ClasspathResourceLoader
2022-04-05 00:23:56,173 - ResourceManager : found /templates/head.vm with loader org.apache.velocity.runtime.resource.loader.ClasspathResourceLoader
2022-04-05 00:23:56,175 - Velocimacro : added VM stringArray: source=/templates/macros/array.js.vm
2022-04-05 00:23:56,175 - Velocimacro : added VM numberArray: source=/templates/macros/array.js.vm
2022-04-05 00:23:56,175 - ResourceManager : found /templates/macros/array.js.vm with loader org.apache.velocity.runtime.resource.loader.ClasspathResourceLoader
2022-04-05 00:23:56,177 - Velocimacro : added VM includeBuildInfo: source=/templates/macros/page/buildinfo.vm
2022-04-05 00:23:56,177 - ResourceManager : found /templates/macros/page/buildinfo.vm with loader org.apache.velocity.runtime.resource.loader.ClasspathResourceLoader
2022-04-05 00:23:56,180 - Velocimacro : added VM includeClassifications: source=/templates/macros/page/classifications.vm
2022-04-05 00:23:56,180 - ResourceManager : found /templates/macros/page/classifications.vm with loader org.apache.velocity.runtime.resource.loader.ClasspathResourceLoader
2022-04-05 00:23:56,181 - Velocimacro : added VM includeLead: source=/templates/macros/page/lead.vm
2022-04-05 00:23:56,181 - ResourceManager : found /templates/macros/page/lead.vm with loader org.apache.velocity.runtime.resource.loader.ClasspathResourceLoader
2022-04-05 00:23:56,183 - Velocimacro : added VM includeNavigation: source=/templates/macros/page/navigation.vm
2022-04-05 00:23:56,184 - ResourceManager : found /templates/macros/page/navigation.vm with loader org.apache.velocity.runtime.resource.loader.ClasspathResourceLoader
2022-04-05 00:23:56,185 - Velocimacro : added VM includeReportInfo: source=/templates/macros/page/reportInfo.vm
2022-04-05 00:23:56,185 - ResourceManager : found /templates/macros/page/reportInfo.vm with loader org.apache.velocity.runtime.resource.loader.ClasspathResourceLoader
2022-04-05 00:23:56,186 - Velocimacro : added VM includeTitle: source=/templates/macros/page/title.vm
2022-04-05 00:23:56,186 - ResourceManager : found /templates/macros/page/title.vm with loader org.apache.velocity.runtime.resource.loader.ClasspathResourceLoader
2022-04-05 00:23:56,187 - Velocimacro : added VM includeExpandingButtons: source=/templates/macros/report/expandAllButtons.vm
2022-04-05 00:23:56,187 - ResourceManager : found /templates/macros/report/expandAllButtons.vm with loader org.apache.velocity.runtime.resource.loader.ClasspathResourceLoader
2022-04-05 00:23:56,190 - Velocimacro : added VM includeReportTable: source=/templates/macros/report/reportTable.vm
2022-04-05 00:23:56,190 - ResourceManager : found /templates/macros/report/reportTable.vm with loader org.apache.velocity.runtime.resource.loader.ClasspathResourceLoader
2022-04-05 00:23:56,191 - Velocimacro : added VM includeReportHeader: source=/templates/macros/report/reportHeader.vm
2022-04-05 00:23:56,191 - ResourceManager : found /templates/macros/report/reportHeader.vm with loader org.apache.velocity.runtime.resource.loader.ClasspathResourceLoader
2022-04-05 00:23:56,198 - Velocimacro : added VM includeStatsTable: source=/templates/macros/report/statsTable.vm
2022-04-05 00:23:56,198 - ResourceManager : found /templates/macros/report/statsTable.vm with loader org.apache.velocity.runtime.resource.loader.ClasspathResourceLoader
2022-04-05 00:23:56,199 - Velocimacro : added VM includeBrief: source=/templates/macros/json/brief.vm
2022-04-05 00:23:56,199 - ResourceManager : found /templates/macros/json/brief.vm with loader org.apache.velocity.runtime.resource.loader.ClasspathResourceLoader
2022-04-05 00:23:56,200 - Velocimacro : added VM includeDocString: source=/templates/macros/json/docstring.vm
2022-04-05 00:23:56,201 - ResourceManager : found /templates/macros/json/docstring.vm with loader org.apache.velocity.runtime.resource.loader.ClasspathResourceLoader
2022-04-05 00:23:56,202 - Velocimacro : added VM includeDuration: source=/templates/macros/json/duration.vm
2022-04-05 00:23:56,202 - ResourceManager : found /templates/macros/json/duration.vm with loader org.apache.velocity.runtime.resource.loader.ClasspathResourceLoader
2022-04-05 00:23:56,205 - Velocimacro : added VM includeElement: source=/templates/macros/json/element.vm
2022-04-05 00:23:56,205 - ResourceManager : found /templates/macros/json/element.vm with loader org.apache.velocity.runtime.resource.loader.ClasspathResourceLoader
2022-04-05 00:23:56,215 - Velocimacro : added VM includeEmbeddings: source=/templates/macros/json/embeddings.vm
2022-04-05 00:23:56,215 - Velocimacro : added VM includeHtmlEmbedding: source=/templates/macros/json/embeddings.vm
2022-04-05 00:23:56,215 - Velocimacro : added VM includeVideoEmbedding: source=/templates/macros/json/embeddings.vm
2022-04-05 00:23:56,216 - Velocimacro : added VM includeImageEmbedding: source=/templates/macros/json/embeddings.vm
2022-04-05 00:23:56,216 - Velocimacro : added VM includeImageReferenceEmbedding: source=/templates/macros/json/embeddings.vm
2022-04-05 00:23:56,216 - Velocimacro : added VM includeTextEmbedding: source=/templates/macros/json/embeddings.vm
2022-04-05 00:23:56,216 - Velocimacro : added VM includeUnknownEmbedding: source=/templates/macros/json/embeddings.vm
2022-04-05 00:23:56,216 - ResourceManager : found /templates/macros/json/embeddings.vm with loader org.apache.velocity.runtime.resource.loader.ClasspathResourceLoader
2022-04-05 00:23:56,218 - Velocimacro : added VM includeHooks: source=/templates/macros/json/hooks.vm
2022-04-05 00:23:56,218 - ResourceManager : found /templates/macros/json/hooks.vm with loader org.apache.velocity.runtime.resource.loader.ClasspathResourceLoader
2022-04-05 00:23:56,220 - Velocimacro : added VM includeOutput: source=/templates/macros/json/output.vm
2022-04-05 00:23:56,220 - ResourceManager : found /templates/macros/json/output.vm with loader org.apache.velocity.runtime.resource.loader.ClasspathResourceLoader
2022-04-05 00:23:56,221 - Velocimacro : added VM includeMessage: source=/templates/macros/json/message.vm
2022-04-05 00:23:56,221 - ResourceManager : found /templates/macros/json/message.vm with loader org.apache.velocity.runtime.resource.loader.ClasspathResourceLoader
2022-04-05 00:23:56,224 - Velocimacro : added VM includeSteps: source=/templates/macros/json/steps.vm
2022-04-05 00:23:56,224 - ResourceManager : found /templates/macros/json/steps.vm with loader org.apache.velocity.runtime.resource.loader.ClasspathResourceLoader
2022-04-05 00:23:56,225 - Velocimacro : added VM includeStepName: source=/templates/macros/json/stepName.vm
2022-04-05 00:23:56,225 - ResourceManager : found /templates/macros/json/stepName.vm with loader org.apache.velocity.runtime.resource.loader.ClasspathResourceLoader
2022-04-05 00:23:56,226 - Velocimacro : added VM includeTags: source=/templates/macros/json/tags.vm
2022-04-05 00:23:56,226 - ResourceManager : found /templates/macros/json/tags.vm with loader org.apache.velocity.runtime.resource.loader.ClasspathResourceLoader
2022-04-05 00:23:56,238 - VM #includeNavigation: too few arguments to macro. Wanted 1 got 0
2022-04-05 00:23:56,239 - Left side ($active_tab) of '==' operation has null value. If it is a reference, it may not be in the context or its toString() returned null. /templates/macros/page/navigation.vm[line 14, column 51]
2022-04-05 00:23:56,239 - Left side ($active_tab) of '==' operation has null value. If it is a reference, it may not be in the context or its toString() returned null. /templates/macros/page/navigation.vm[line 15, column 51]
2022-04-05 00:23:56,239 - Left side ($active_tab) of '==' operation has null value. If it is a reference, it may not be in the context or its toString() returned null. /templates/macros/page/navigation.vm[line 16, column 51]
2022-04-05 00:23:56,239 - Left side ($active_tab) of '==' operation has null value. If it is a reference, it may not be in the context or its toString() returned null. /templates/macros/page/navigation.vm[line 20, column 51]
2022-04-05 00:23:56,261 - ResourceManager : found /templates/footer.vm with loader org.apache.velocity.runtime.resource.loader.ClasspathResourceLoader
2022-04-05 00:41:27,661 - Log4JLogChute initialized using file 'target\velocity.log'
2022-04-05 00:41:27,662 - Initializing Velocity, Calling init()...
2022-04-05 00:41:27,663 - Starting Apache Velocity v1.7 (compiled: 2010-11-19 12:14:37)
2022-04-05 00:41:27,663 - Default Properties File: org\apache\velocity\runtime\defaults\velocity.properties
2022-04-05 00:41:27,663 - Trying to use logger class org.apache.velocity.runtime.log.AvalonLogChute
2022-04-05 00:41:27,663 - Target log system for org.apache.velocity.runtime.log.AvalonLogChute is not available (java.lang.NoClassDefFoundError: org/apache/log/format/Formatter).  Falling back to next log system...
2022-04-05 00:41:27,663 - Trying to use logger class org.apache.velocity.runtime.log.Log4JLogChute
2022-04-05 00:41:27,663 - Using logger class org.apache.velocity.runtime.log.Log4JLogChute
2022-04-05 00:41:27,666 - ResourceLoader instantiated: org.apache.velocity.runtime.resource.loader.ClasspathResourceLoader
2022-04-05 00:41:27,679 - ResourceCache: initialized (class org.apache.velocity.runtime.resource.ResourceCacheImpl) with class java.util.Collections$SynchronizedMap cache map.
2022-04-05 00:41:27,680 - Loaded System Directive: org.apache.velocity.runtime.directive.Stop
2022-04-05 00:41:27,681 - Loaded System Directive: org.apache.velocity.runtime.directive.Define
2022-04-05 00:41:27,682 - Loaded System Directive: org.apache.velocity.runtime.directive.Break
2022-04-05 00:41:27,683 - Loaded System Directive: org.apache.velocity.runtime.directive.Evaluate
2022-04-05 00:41:27,683 - Loaded System Directive: org.apache.velocity.runtime.directive.Literal
2022-04-05 00:41:27,684 - Loaded System Directive: org.apache.velocity.runtime.directive.Macro
2022-04-05 00:41:27,686 - Loaded System Directive: org.apache.velocity.runtime.directive.Parse
2022-04-05 00:41:27,687 - Loaded System Directive: org.apache.velocity.runtime.directive.Include
2022-04-05 00:41:27,688 - Loaded System Directive: org.apache.velocity.runtime.directive.Foreach
2022-04-05 00:41:27,714 - Created '20' parsers.
2022-04-05 00:41:27,720 - Velocimacro : "velocimacro.library" is not set.  Trying default library: VM_global_library.vm
2022-04-05 00:41:27,721 - Could not load resource 'VM_global_library.vm' from ResourceLoader org.apache.velocity.runtime.resource.loader.ClasspathResourceLoader: ClasspathResourceLoader Error: cannot find resource VM_global_library.vm
2022-04-05 00:41:27,721 - Velocimacro : Default library not found.
2022-04-05 00:41:27,721 - Velocimacro : allowInline = true : VMs can be defined inline in templates
2022-04-05 00:41:27,721 - Velocimacro : allowInlineToOverride = false : VMs defined inline may NOT replace previous VM definitions
2022-04-05 00:41:27,721 - Velocimacro : allowInlineLocal = false : VMs defined inline will be global in scope if allowed.
2022-04-05 00:41:27,721 - Velocimacro : autoload off : VM system will not automatically reload global library macros
2022-04-05 00:41:27,801 - ResourceManager : found templates/generators/errorpage.vm with loader org.apache.velocity.runtime.resource.loader.ClasspathResourceLoader
2022-04-05 00:41:27,805 - ResourceManager : found /templates/headers.vm with loader org.apache.velocity.runtime.resource.loader.ClasspathResourceLoader
2022-04-05 00:41:27,806 - ResourceManager : found /templates/head.vm with loader org.apache.velocity.runtime.resource.loader.ClasspathResourceLoader
2022-04-05 00:41:27,808 - Velocimacro : added VM stringArray: source=/templates/macros/array.js.vm
2022-04-05 00:41:27,808 - Velocimacro : added VM numberArray: source=/templates/macros/array.js.vm
2022-04-05 00:41:27,808 - ResourceManager : found /templates/macros/array.js.vm with loader org.apache.velocity.runtime.resource.loader.ClasspathResourceLoader
2022-04-05 00:41:27,810 - Velocimacro : added VM includeBuildInfo: source=/templates/macros/page/buildinfo.vm
2022-04-05 00:41:27,810 - ResourceManager : found /templates/macros/page/buildinfo.vm with loader org.apache.velocity.runtime.resource.loader.ClasspathResourceLoader
2022-04-05 00:41:27,813 - Velocimacro : added VM includeClassifications: source=/templates/macros/page/classifications.vm
2022-04-05 00:41:27,813 - ResourceManager : found /templates/macros/page/classifications.vm with loader org.apache.velocity.runtime.resource.loader.ClasspathResourceLoader
2022-04-05 00:41:27,813 - Velocimacro : added VM includeLead: source=/templates/macros/page/lead.vm
2022-04-05 00:41:27,813 - ResourceManager : found /templates/macros/page/lead.vm with loader org.apache.velocity.runtime.resource.loader.ClasspathResourceLoader
2022-04-05 00:41:27,816 - Velocimacro : added VM includeNavigation: source=/templates/macros/page/navigation.vm
2022-04-05 00:41:27,816 - ResourceManager : found /templates/macros/page/navigation.vm with loader org.apache.velocity.runtime.resource.loader.ClasspathResourceLoader
2022-04-05 00:41:27,817 - Velocimacro : added VM includeReportInfo: source=/templates/macros/page/reportInfo.vm
2022-04-05 00:41:27,817 - ResourceManager : found /templates/macros/page/reportInfo.vm with loader org.apache.velocity.runtime.resource.loader.ClasspathResourceLoader
2022-04-05 00:41:27,818 - Velocimacro : added VM includeTitle: source=/templates/macros/page/title.vm
2022-04-05 00:41:27,818 - ResourceManager : found /templates/macros/page/title.vm with loader org.apache.velocity.runtime.resource.loader.ClasspathResourceLoader
2022-04-05 00:41:27,818 - Velocimacro : added VM includeExpandingButtons: source=/templates/macros/report/expandAllButtons.vm
2022-04-05 00:41:27,818 - ResourceManager : found /templates/macros/report/expandAllButtons.vm with loader org.apache.velocity.runtime.resource.loader.ClasspathResourceLoader
2022-04-05 00:41:27,825 - Velocimacro : added VM includeReportTable: source=/templates/macros/report/reportTable.vm
2022-04-05 00:41:27,825 - ResourceManager : found /templates/macros/report/reportTable.vm with loader org.apache.velocity.runtime.resource.loader.ClasspathResourceLoader
2022-04-05 00:41:27,827 - Velocimacro : added VM includeReportHeader: source=/templates/macros/report/reportHeader.vm
2022-04-05 00:41:27,827 - ResourceManager : found /templates/macros/report/reportHeader.vm with loader org.apache.velocity.runtime.resource.loader.ClasspathResourceLoader
2022-04-05 00:41:27,830 - Velocimacro : added VM includeStatsTable: source=/templates/macros/report/statsTable.vm
2022-04-05 00:41:27,831 - ResourceManager : found /templates/macros/report/statsTable.vm with loader org.apache.velocity.runtime.resource.loader.ClasspathResourceLoader
2022-04-05 00:41:27,831 - Velocimacro : added VM includeBrief: source=/templates/macros/json/brief.vm
2022-04-05 00:41:27,832 - ResourceManager : found /templates/macros/json/brief.vm with loader org.apache.velocity.runtime.resource.loader.ClasspathResourceLoader
2022-04-05 00:41:27,833 - Velocimacro : added VM includeDocString: source=/templates/macros/json/docstring.vm
2022-04-05 00:41:27,833 - ResourceManager : found /templates/macros/json/docstring.vm with loader org.apache.velocity.runtime.resource.loader.ClasspathResourceLoader
2022-04-05 00:41:27,834 - Velocimacro : added VM includeDuration: source=/templates/macros/json/duration.vm
2022-04-05 00:41:27,834 - ResourceManager : found /templates/macros/json/duration.vm with loader org.apache.velocity.runtime.resource.loader.ClasspathResourceLoader
2022-04-05 00:41:27,837 - Velocimacro : added VM includeElement: source=/templates/macros/json/element.vm
2022-04-05 00:41:27,838 - ResourceManager : found /templates/macros/json/element.vm with loader org.apache.velocity.runtime.resource.loader.ClasspathResourceLoader
2022-04-05 00:41:27,849 - Velocimacro : added VM includeEmbeddings: source=/templates/macros/json/embeddings.vm
2022-04-05 00:41:27,849 - Velocimacro : added VM includeHtmlEmbedding: source=/templates/macros/json/embeddings.vm
2022-04-05 00:41:27,849 - Velocimacro : added VM includeVideoEmbedding: source=/templates/macros/json/embeddings.vm
2022-04-05 00:41:27,849 - Velocimacro : added VM includeImageEmbedding: source=/templates/macros/json/embeddings.vm
2022-04-05 00:41:27,849 - Velocimacro : added VM includeImageReferenceEmbedding: source=/templates/macros/json/embeddings.vm
2022-04-05 00:41:27,849 - Velocimacro : added VM includeTextEmbedding: source=/templates/macros/json/embeddings.vm
2022-04-05 00:41:27,849 - Velocimacro : added VM includeUnknownEmbedding: source=/templates/macros/json/embeddings.vm
2022-04-05 00:41:27,849 - ResourceManager : found /templates/macros/json/embeddings.vm with loader org.apache.velocity.runtime.resource.loader.ClasspathResourceLoader
2022-04-05 00:41:27,851 - Velocimacro : added VM includeHooks: source=/templates/macros/json/hooks.vm
2022-04-05 00:41:27,851 - ResourceManager : found /templates/macros/json/hooks.vm with loader org.apache.velocity.runtime.resource.loader.ClasspathResourceLoader
2022-04-05 00:41:27,853 - Velocimacro : added VM includeOutput: source=/templates/macros/json/output.vm
2022-04-05 00:41:27,853 - ResourceManager : found /templates/macros/json/output.vm with loader org.apache.velocity.runtime.resource.loader.ClasspathResourceLoader
2022-04-05 00:41:27,854 - Velocimacro : added VM includeMessage: source=/templates/macros/json/message.vm
2022-04-05 00:41:27,854 - ResourceManager : found /templates/macros/json/message.vm with loader org.apache.velocity.runtime.resource.loader.ClasspathResourceLoader
2022-04-05 00:41:27,856 - Velocimacro : added VM includeSteps: source=/templates/macros/json/steps.vm
2022-04-05 00:41:27,856 - ResourceManager : found /templates/macros/json/steps.vm with loader org.apache.velocity.runtime.resource.loader.ClasspathResourceLoader
2022-04-05 00:41:27,857 - Velocimacro : added VM includeStepName: source=/templates/macros/json/stepName.vm
2022-04-05 00:41:27,857 - ResourceManager : found /templates/macros/json/stepName.vm with loader org.apache.velocity.runtime.resource.loader.ClasspathResourceLoader
2022-04-05 00:41:27,858 - Velocimacro : added VM includeTags: source=/templates/macros/json/tags.vm
2022-04-05 00:41:27,858 - ResourceManager : found /templates/macros/json/tags.vm with loader org.apache.velocity.runtime.resource.loader.ClasspathResourceLoader
2022-04-05 00:41:27,870 - VM #includeNavigation: too few arguments to macro. Wanted 1 got 0
2022-04-05 00:41:27,871 - Left side ($active_tab) of '==' operation has null value. If it is a reference, it may not be in the context or its toString() returned null. /templates/macros/page/navigation.vm[line 14, column 51]
2022-04-05 00:41:27,871 - Left side ($active_tab) of '==' operation has null value. If it is a reference, it may not be in the context or its toString() returned null. /templates/macros/page/navigation.vm[line 15, column 51]
2022-04-05 00:41:27,871 - Left side ($active_tab) of '==' operation has null value. If it is a reference, it may not be in the context or its toString() returned null. /templates/macros/page/navigation.vm[line 16, column 51]
2022-04-05 00:41:27,871 - Left side ($active_tab) of '==' operation has null value. If it is a reference, it may not be in the context or its toString() returned null. /templates/macros/page/navigation.vm[line 20, column 51]
2022-04-05 00:41:27,890 - ResourceManager : found /templates/footer.vm with loader org.apache.velocity.runtime.resource.loader.ClasspathResourceLoader
2022-04-05 00:42:50,394 - Log4JLogChute initialized using file 'target\velocity.log'
2022-04-05 00:42:50,394 - Initializing Velocity, Calling init()...
2022-04-05 00:42:50,394 - Starting Apache Velocity v1.7 (compiled: 2010-11-19 12:14:37)
2022-04-05 00:42:50,394 - Default Properties File: org\apache\velocity\runtime\defaults\velocity.properties
2022-04-05 00:42:50,394 - Trying to use logger class org.apache.velocity.runtime.log.AvalonLogChute
2022-04-05 00:42:50,394 - Target log system for org.apache.velocity.runtime.log.AvalonLogChute is not available (java.lang.NoClassDefFoundError: org/apache/log/format/Formatter).  Falling back to next log system...
2022-04-05 00:42:50,394 - Trying to use logger class org.apache.velocity.runtime.log.Log4JLogChute
2022-04-05 00:42:50,394 - Using logger class org.apache.velocity.runtime.log.Log4JLogChute
2022-04-05 00:42:50,397 - ResourceLoader instantiated: org.apache.velocity.runtime.resource.loader.ClasspathResourceLoader
2022-04-05 00:42:50,407 - ResourceCache: initialized (class org.apache.velocity.runtime.resource.ResourceCacheImpl) with class java.util.Collections$SynchronizedMap cache map.
2022-04-05 00:42:50,408 - Loaded System Directive: org.apache.velocity.runtime.directive.Stop
2022-04-05 00:42:50,409 - Loaded System Directive: org.apache.velocity.runtime.directive.Define
2022-04-05 00:42:50,410 - Loaded System Directive: org.apache.velocity.runtime.directive.Break
2022-04-05 00:42:50,410 - Loaded System Directive: org.apache.velocity.runtime.directive.Evaluate
2022-04-05 00:42:50,411 - Loaded System Directive: org.apache.velocity.runtime.directive.Literal
2022-04-05 00:42:50,412 - Loaded System Directive: org.apache.velocity.runtime.directive.Macro
2022-04-05 00:42:50,412 - Loaded System Directive: org.apache.velocity.runtime.directive.Parse
2022-04-05 00:42:50,413 - Loaded System Directive: org.apache.velocity.runtime.directive.Include
2022-04-05 00:42:50,414 - Loaded System Directive: org.apache.velocity.runtime.directive.Foreach
2022-04-05 00:42:50,437 - Created '20' parsers.
2022-04-05 00:42:50,440 - Velocimacro : "velocimacro.library" is not set.  Trying default library: VM_global_library.vm
2022-04-05 00:42:50,441 - Could not load resource 'VM_global_library.vm' from ResourceLoader org.apache.velocity.runtime.resource.loader.ClasspathResourceLoader: ClasspathResourceLoader Error: cannot find resource VM_global_library.vm
2022-04-05 00:42:50,441 - Velocimacro : Default library not found.
2022-04-05 00:42:50,441 - Velocimacro : allowInline = true : VMs can be defined inline in templates
2022-04-05 00:42:50,441 - Velocimacro : allowInlineToOverride = false : VMs defined inline may NOT replace previous VM definitions
2022-04-05 00:42:50,441 - Velocimacro : allowInlineLocal = false : VMs defined inline will be global in scope if allowed.
2022-04-05 00:42:50,441 - Velocimacro : autoload off : VM system will not automatically reload global library macros
2022-04-05 00:42:50,532 - ResourceManager : found templates/generators/errorpage.vm with loader org.apache.velocity.runtime.resource.loader.ClasspathResourceLoader
2022-04-05 00:42:50,535 - ResourceManager : found /templates/headers.vm with loader org.apache.velocity.runtime.resource.loader.ClasspathResourceLoader
2022-04-05 00:42:50,536 - ResourceManager : found /templates/head.vm with loader org.apache.velocity.runtime.resource.loader.ClasspathResourceLoader
2022-04-05 00:42:50,538 - Velocimacro : added VM stringArray: source=/templates/macros/array.js.vm
2022-04-05 00:42:50,538 - Velocimacro : added VM numberArray: source=/templates/macros/array.js.vm
2022-04-05 00:42:50,538 - ResourceManager : found /templates/macros/array.js.vm with loader org.apache.velocity.runtime.resource.loader.ClasspathResourceLoader
2022-04-05 00:42:50,541 - Velocimacro : added VM includeBuildInfo: source=/templates/macros/page/buildinfo.vm
2022-04-05 00:42:50,541 - ResourceManager : found /templates/macros/page/buildinfo.vm with loader org.apache.velocity.runtime.resource.loader.ClasspathResourceLoader
2022-04-05 00:42:50,545 - Velocimacro : added VM includeClassifications: source=/templates/macros/page/classifications.vm
2022-04-05 00:42:50,545 - ResourceManager : found /templates/macros/page/classifications.vm with loader org.apache.velocity.runtime.resource.loader.ClasspathResourceLoader
2022-04-05 00:42:50,546 - Velocimacro : added VM includeLead: source=/templates/macros/page/lead.vm
2022-04-05 00:42:50,546 - ResourceManager : found /templates/macros/page/lead.vm with loader org.apache.velocity.runtime.resource.loader.ClasspathResourceLoader
2022-04-05 00:42:50,549 - Velocimacro : added VM includeNavigation: source=/templates/macros/page/navigation.vm
2022-04-05 00:42:50,549 - ResourceManager : found /templates/macros/page/navigation.vm with loader org.apache.velocity.runtime.resource.loader.ClasspathResourceLoader
2022-04-05 00:42:50,552 - Velocimacro : added VM includeReportInfo: source=/templates/macros/page/reportInfo.vm
2022-04-05 00:42:50,552 - ResourceManager : found /templates/macros/page/reportInfo.vm with loader org.apache.velocity.runtime.resource.loader.ClasspathResourceLoader
2022-04-05 00:42:50,554 - Velocimacro : added VM includeTitle: source=/templates/macros/page/title.vm
2022-04-05 00:42:50,554 - ResourceManager : found /templates/macros/page/title.vm with loader org.apache.velocity.runtime.resource.loader.ClasspathResourceLoader
2022-04-05 00:42:50,555 - Velocimacro : added VM includeExpandingButtons: source=/templates/macros/report/expandAllButtons.vm
2022-04-05 00:42:50,555 - ResourceManager : found /templates/macros/report/expandAllButtons.vm with loader org.apache.velocity.runtime.resource.loader.ClasspathResourceLoader
2022-04-05 00:42:50,561 - Velocimacro : added VM includeReportTable: source=/templates/macros/report/reportTable.vm
2022-04-05 00:42:50,562 - ResourceManager : found /templates/macros/report/reportTable.vm with loader org.apache.velocity.runtime.resource.loader.ClasspathResourceLoader
2022-04-05 00:42:50,563 - Velocimacro : added VM includeReportHeader: source=/templates/macros/report/reportHeader.vm
2022-04-05 00:42:50,563 - ResourceManager : found /templates/macros/report/reportHeader.vm with loader org.apache.velocity.runtime.resource.loader.ClasspathResourceLoader
2022-04-05 00:42:50,571 - Velocimacro : added VM includeStatsTable: source=/templates/macros/report/statsTable.vm
2022-04-05 00:42:50,571 - ResourceManager : found /templates/macros/report/statsTable.vm with loader org.apache.velocity.runtime.resource.loader.ClasspathResourceLoader
2022-04-05 00:42:50,573 - Velocimacro : added VM includeBrief: source=/templates/macros/json/brief.vm
2022-04-05 00:42:50,573 - ResourceManager : found /templates/macros/json/brief.vm with loader org.apache.velocity.runtime.resource.loader.ClasspathResourceLoader
2022-04-05 00:42:50,574 - Velocimacro : added VM includeDocString: source=/templates/macros/json/docstring.vm
2022-04-05 00:42:50,575 - ResourceManager : found /templates/macros/json/docstring.vm with loader org.apache.velocity.runtime.resource.loader.ClasspathResourceLoader
2022-04-05 00:42:50,576 - Velocimacro : added VM includeDuration: source=/templates/macros/json/duration.vm
2022-04-05 00:42:50,576 - ResourceManager : found /templates/macros/json/duration.vm with loader org.apache.velocity.runtime.resource.loader.ClasspathResourceLoader
2022-04-05 00:42:50,581 - Velocimacro : added VM includeElement: source=/templates/macros/json/element.vm
2022-04-05 00:42:50,581 - ResourceManager : found /templates/macros/json/element.vm with loader org.apache.velocity.runtime.resource.loader.ClasspathResourceLoader
2022-04-05 00:42:50,591 - Velocimacro : added VM includeEmbeddings: source=/templates/macros/json/embeddings.vm
2022-04-05 00:42:50,591 - Velocimacro : added VM includeHtmlEmbedding: source=/templates/macros/json/embeddings.vm
2022-04-05 00:42:50,592 - Velocimacro : added VM includeVideoEmbedding: source=/templates/macros/json/embeddings.vm
2022-04-05 00:42:50,592 - Velocimacro : added VM includeImageEmbedding: source=/templates/macros/json/embeddings.vm
2022-04-05 00:42:50,592 - Velocimacro : added VM includeImageReferenceEmbedding: source=/templates/macros/json/embeddings.vm
2022-04-05 00:42:50,592 - Velocimacro : added VM includeTextEmbedding: source=/templates/macros/json/embeddings.vm
2022-04-05 00:42:50,592 - Velocimacro : added VM includeUnknownEmbedding: source=/templates/macros/json/embeddings.vm
2022-04-05 00:42:50,592 - ResourceManager : found /templates/macros/json/embeddings.vm with loader org.apache.velocity.runtime.resource.loader.ClasspathResourceLoader
2022-04-05 00:42:50,595 - Velocimacro : added VM includeHooks: source=/templates/macros/json/hooks.vm
2022-04-05 00:42:50,595 - ResourceManager : found /templates/macros/json/hooks.vm with loader org.apache.velocity.runtime.resource.loader.ClasspathResourceLoader
2022-04-05 00:42:50,597 - Velocimacro : added VM includeOutput: source=/templates/macros/json/output.vm
2022-04-05 00:42:50,597 - ResourceManager : found /templates/macros/json/output.vm with loader org.apache.velocity.runtime.resource.loader.ClasspathResourceLoader
2022-04-05 00:42:50,599 - Velocimacro : added VM includeMessage: source=/templates/macros/json/message.vm
2022-04-05 00:42:50,599 - ResourceManager : found /templates/macros/json/message.vm with loader org.apache.velocity.runtime.resource.loader.ClasspathResourceLoader
2022-04-05 00:42:50,601 - Velocimacro : added VM includeSteps: source=/templates/macros/json/steps.vm
2022-04-05 00:42:50,601 - ResourceManager : found /templates/macros/json/steps.vm with loader org.apache.velocity.runtime.resource.loader.ClasspathResourceLoader
2022-04-05 00:42:50,602 - Velocimacro : added VM includeStepName: source=/templates/macros/json/stepName.vm
2022-04-05 00:42:50,602 - ResourceManager : found /templates/macros/json/stepName.vm with loader org.apache.velocity.runtime.resource.loader.ClasspathResourceLoader
2022-04-05 00:42:50,603 - Velocimacro : added VM includeTags: source=/templates/macros/json/tags.vm
2022-04-05 00:42:50,603 - ResourceManager : found /templates/macros/json/tags.vm with loader org.apache.velocity.runtime.resource.loader.ClasspathResourceLoader
2022-04-05 00:42:50,614 - VM #includeNavigation: too few arguments to macro. Wanted 1 got 0
2022-04-05 00:42:50,614 - Left side ($active_tab) of '==' operation has null value. If it is a reference, it may not be in the context or its toString() returned null. /templates/macros/page/navigation.vm[line 14, column 51]
2022-04-05 00:42:50,614 - Left side ($active_tab) of '==' operation has null value. If it is a reference, it may not be in the context or its toString() returned null. /templates/macros/page/navigation.vm[line 15, column 51]
2022-04-05 00:42:50,614 - Left side ($active_tab) of '==' operation has null value. If it is a reference, it may not be in the context or its toString() returned null. /templates/macros/page/navigation.vm[line 16, column 51]
2022-04-05 00:42:50,614 - Left side ($active_tab) of '==' operation has null value. If it is a reference, it may not be in the context or its toString() returned null. /templates/macros/page/navigation.vm[line 20, column 51]
2022-04-05 00:42:50,633 - ResourceManager : found /templates/footer.vm with loader org.apache.velocity.runtime.resource.loader.ClasspathResourceLoader
2022-04-05 00:43:26,340 - Log4JLogChute initialized using file 'target\velocity.log'
2022-04-05 00:43:26,340 - Initializing Velocity, Calling init()...
2022-04-05 00:43:26,341 - Starting Apache Velocity v1.7 (compiled: 2010-11-19 12:14:37)
2022-04-05 00:43:26,341 - Default Properties File: org\apache\velocity\runtime\defaults\velocity.properties
2022-04-05 00:43:26,341 - Trying to use logger class org.apache.velocity.runtime.log.AvalonLogChute
2022-04-05 00:43:26,341 - Target log system for org.apache.velocity.runtime.log.AvalonLogChute is not available (java.lang.NoClassDefFoundError: org/apache/log/format/Formatter).  Falling back to next log system...
2022-04-05 00:43:26,341 - Trying to use logger class org.apache.velocity.runtime.log.Log4JLogChute
2022-04-05 00:43:26,341 - Using logger class org.apache.velocity.runtime.log.Log4JLogChute
2022-04-05 00:43:26,343 - ResourceLoader instantiated: org.apache.velocity.runtime.resource.loader.ClasspathResourceLoader
2022-04-05 00:43:26,352 - ResourceCache: initialized (class org.apache.velocity.runtime.resource.ResourceCacheImpl) with class java.util.Collections$SynchronizedMap cache map.
2022-04-05 00:43:26,354 - Loaded System Directive: org.apache.velocity.runtime.directive.Stop
2022-04-05 00:43:26,355 - Loaded System Directive: org.apache.velocity.runtime.directive.Define
2022-04-05 00:43:26,355 - Loaded System Directive: org.apache.velocity.runtime.directive.Break
2022-04-05 00:43:26,356 - Loaded System Directive: org.apache.velocity.runtime.directive.Evaluate
2022-04-05 00:43:26,356 - Loaded System Directive: org.apache.velocity.runtime.directive.Literal
2022-04-05 00:43:26,357 - Loaded System Directive: org.apache.velocity.runtime.directive.Macro
2022-04-05 00:43:26,358 - Loaded System Directive: org.apache.velocity.runtime.directive.Parse
2022-04-05 00:43:26,358 - Loaded System Directive: org.apache.velocity.runtime.directive.Include
2022-04-05 00:43:26,359 - Loaded System Directive: org.apache.velocity.runtime.directive.Foreach
2022-04-05 00:43:26,382 - Created '20' parsers.
2022-04-05 00:43:26,385 - Velocimacro : "velocimacro.library" is not set.  Trying default library: VM_global_library.vm
2022-04-05 00:43:26,386 - Could not load resource 'VM_global_library.vm' from ResourceLoader org.apache.velocity.runtime.resource.loader.ClasspathResourceLoader: ClasspathResourceLoader Error: cannot find resource VM_global_library.vm
2022-04-05 00:43:26,386 - Velocimacro : Default library not found.
2022-04-05 00:43:26,386 - Velocimacro : allowInline = true : VMs can be defined inline in templates
2022-04-05 00:43:26,386 - Velocimacro : allowInlineToOverride = false : VMs defined inline may NOT replace previous VM definitions
2022-04-05 00:43:26,386 - Velocimacro : allowInlineLocal = false : VMs defined inline will be global in scope if allowed.
2022-04-05 00:43:26,386 - Velocimacro : autoload off : VM system will not automatically reload global library macros
2022-04-05 00:43:26,470 - ResourceManager : found templates/generators/errorpage.vm with loader org.apache.velocity.runtime.resource.loader.ClasspathResourceLoader
2022-04-05 00:43:26,474 - ResourceManager : found /templates/headers.vm with loader org.apache.velocity.runtime.resource.loader.ClasspathResourceLoader
2022-04-05 00:43:26,475 - ResourceManager : found /templates/head.vm with loader org.apache.velocity.runtime.resource.loader.ClasspathResourceLoader
2022-04-05 00:43:26,477 - Velocimacro : added VM stringArray: source=/templates/macros/array.js.vm
2022-04-05 00:43:26,477 - Velocimacro : added VM numberArray: source=/templates/macros/array.js.vm
2022-04-05 00:43:26,477 - ResourceManager : found /templates/macros/array.js.vm with loader org.apache.velocity.runtime.resource.loader.ClasspathResourceLoader
2022-04-05 00:43:26,479 - Velocimacro : added VM includeBuildInfo: source=/templates/macros/page/buildinfo.vm
2022-04-05 00:43:26,479 - ResourceManager : found /templates/macros/page/buildinfo.vm with loader org.apache.velocity.runtime.resource.loader.ClasspathResourceLoader
2022-04-05 00:43:26,483 - Velocimacro : added VM includeClassifications: source=/templates/macros/page/classifications.vm
2022-04-05 00:43:26,483 - ResourceManager : found /templates/macros/page/classifications.vm with loader org.apache.velocity.runtime.resource.loader.ClasspathResourceLoader
2022-04-05 00:43:26,484 - Velocimacro : added VM includeLead: source=/templates/macros/page/lead.vm
2022-04-05 00:43:26,484 - ResourceManager : found /templates/macros/page/lead.vm with loader org.apache.velocity.runtime.resource.loader.ClasspathResourceLoader
2022-04-05 00:43:26,487 - Velocimacro : added VM includeNavigation: source=/templates/macros/page/navigation.vm
2022-04-05 00:43:26,487 - ResourceManager : found /templates/macros/page/navigation.vm with loader org.apache.velocity.runtime.resource.loader.ClasspathResourceLoader
2022-04-05 00:43:26,489 - Velocimacro : added VM includeReportInfo: source=/templates/macros/page/reportInfo.vm
2022-04-05 00:43:26,489 - ResourceManager : found /templates/macros/page/reportInfo.vm with loader org.apache.velocity.runtime.resource.loader.ClasspathResourceLoader
2022-04-05 00:43:26,490 - Velocimacro : added VM includeTitle: source=/templates/macros/page/title.vm
2022-04-05 00:43:26,490 - ResourceManager : found /templates/macros/page/title.vm with loader org.apache.velocity.runtime.resource.loader.ClasspathResourceLoader
2022-04-05 00:43:26,491 - Velocimacro : added VM includeExpandingButtons: source=/templates/macros/report/expandAllButtons.vm
2022-04-05 00:43:26,491 - ResourceManager : found /templates/macros/report/expandAllButtons.vm with loader org.apache.velocity.runtime.resource.loader.ClasspathResourceLoader
2022-04-05 00:43:26,493 - Velocimacro : added VM includeReportTable: source=/templates/macros/report/reportTable.vm
2022-04-05 00:43:26,493 - ResourceManager : found /templates/macros/report/reportTable.vm with loader org.apache.velocity.runtime.resource.loader.ClasspathResourceLoader
2022-04-05 00:43:26,498 - Velocimacro : added VM includeReportHeader: source=/templates/macros/report/reportHeader.vm
2022-04-05 00:43:26,498 - ResourceManager : found /templates/macros/report/reportHeader.vm with loader org.apache.velocity.runtime.resource.loader.ClasspathResourceLoader
2022-04-05 00:43:26,503 - Velocimacro : added VM includeStatsTable: source=/templates/macros/report/statsTable.vm
2022-04-05 00:43:26,503 - ResourceManager : found /templates/macros/report/statsTable.vm with loader org.apache.velocity.runtime.resource.loader.ClasspathResourceLoader
2022-04-05 00:43:26,504 - Velocimacro : added VM includeBrief: source=/templates/macros/json/brief.vm
2022-04-05 00:43:26,504 - ResourceManager : found /templates/macros/json/brief.vm with loader org.apache.velocity.runtime.resource.loader.ClasspathResourceLoader
2022-04-05 00:43:26,506 - Velocimacro : added VM includeDocString: source=/templates/macros/json/docstring.vm
2022-04-05 00:43:26,506 - ResourceManager : found /templates/macros/json/docstring.vm with loader org.apache.velocity.runtime.resource.loader.ClasspathResourceLoader
2022-04-05 00:43:26,507 - Velocimacro : added VM includeDuration: source=/templates/macros/json/duration.vm
2022-04-05 00:43:26,507 - ResourceManager : found /templates/macros/json/duration.vm with loader org.apache.velocity.runtime.resource.loader.ClasspathResourceLoader
2022-04-05 00:43:26,511 - Velocimacro : added VM includeElement: source=/templates/macros/json/element.vm
2022-04-05 00:43:26,511 - ResourceManager : found /templates/macros/json/element.vm with loader org.apache.velocity.runtime.resource.loader.ClasspathResourceLoader
2022-04-05 00:43:26,519 - Velocimacro : added VM includeEmbeddings: source=/templates/macros/json/embeddings.vm
2022-04-05 00:43:26,520 - Velocimacro : added VM includeHtmlEmbedding: source=/templates/macros/json/embeddings.vm
2022-04-05 00:43:26,520 - Velocimacro : added VM includeVideoEmbedding: source=/templates/macros/json/embeddings.vm
2022-04-05 00:43:26,520 - Velocimacro : added VM includeImageEmbedding: source=/templates/macros/json/embeddings.vm
2022-04-05 00:43:26,520 - Velocimacro : added VM includeImageReferenceEmbedding: source=/templates/macros/json/embeddings.vm
2022-04-05 00:43:26,521 - Velocimacro : added VM includeTextEmbedding: source=/templates/macros/json/embeddings.vm
2022-04-05 00:43:26,521 - Velocimacro : added VM includeUnknownEmbedding: source=/templates/macros/json/embeddings.vm
2022-04-05 00:43:26,521 - ResourceManager : found /templates/macros/json/embeddings.vm with loader org.apache.velocity.runtime.resource.loader.ClasspathResourceLoader
2022-04-05 00:43:26,524 - Velocimacro : added VM includeHooks: source=/templates/macros/json/hooks.vm
2022-04-05 00:43:26,524 - ResourceManager : found /templates/macros/json/hooks.vm with loader org.apache.velocity.runtime.resource.loader.ClasspathResourceLoader
2022-04-05 00:43:26,526 - Velocimacro : added VM includeOutput: source=/templates/macros/json/output.vm
2022-04-05 00:43:26,526 - ResourceManager : found /templates/macros/json/output.vm with loader org.apache.velocity.runtime.resource.loader.ClasspathResourceLoader
2022-04-05 00:43:26,527 - Velocimacro : added VM includeMessage: source=/templates/macros/json/message.vm
2022-04-05 00:43:26,527 - ResourceManager : found /templates/macros/json/message.vm with loader org.apache.velocity.runtime.resource.loader.ClasspathResourceLoader
2022-04-05 00:43:26,529 - Velocimacro : added VM includeSteps: source=/templates/macros/json/steps.vm
2022-04-05 00:43:26,529 - ResourceManager : found /templates/macros/json/steps.vm with loader org.apache.velocity.runtime.resource.loader.ClasspathResourceLoader
2022-04-05 00:43:26,530 - Velocimacro : added VM includeStepName: source=/templates/macros/json/stepName.vm
2022-04-05 00:43:26,530 - ResourceManager : found /templates/macros/json/stepName.vm with loader org.apache.velocity.runtime.resource.loader.ClasspathResourceLoader
2022-04-05 00:43:26,531 - Velocimacro : added VM includeTags: source=/templates/macros/json/tags.vm
2022-04-05 00:43:26,531 - ResourceManager : found /templates/macros/json/tags.vm with loader org.apache.velocity.runtime.resource.loader.ClasspathResourceLoader
2022-04-05 00:43:26,541 - VM #includeNavigation: too few arguments to macro. Wanted 1 got 0
2022-04-05 00:43:26,542 - Left side ($active_tab) of '==' operation has null value. If it is a reference, it may not be in the context or its toString() returned null. /templates/macros/page/navigation.vm[line 14, column 51]
2022-04-05 00:43:26,542 - Left side ($active_tab) of '==' operation has null value. If it is a reference, it may not be in the context or its toString() returned null. /templates/macros/page/navigation.vm[line 15, column 51]
2022-04-05 00:43:26,542 - Left side ($active_tab) of '==' operation has null value. If it is a reference, it may not be in the context or its toString() returned null. /templates/macros/page/navigation.vm[line 16, column 51]
2022-04-05 00:43:26,542 - Left side ($active_tab) of '==' operation has null value. If it is a reference, it may not be in the context or its toString() returned null. /templates/macros/page/navigation.vm[line 20, column 51]
2022-04-05 00:43:26,567 - ResourceManager : found /templates/footer.vm with loader org.apache.velocity.runtime.resource.loader.ClasspathResourceLoader
